Using pre-set license
Built from '2020.3/staging' branch; Version is '2020.3.13f1 (71691879b7f5) revision 7432472'; Using compiler version '192528614'; Build Type 'Release'
OS: 'Windows 10 Home; OS build 19041.1052; Version 2004; 64bit' Language: 'ko' Physical Memory: 32701 MB
BatchMode: 1, IsHumanControllingUs: 0, StartBugReporterOnCrash: 0, Is64bit: 1, IsPro: 0

 COMMAND LINE ARGUMENTS:
C:\Program Files\Unity\Hub\Editor\2020.3.13f1\Editor\Unity.exe
-adb2
-batchMode
-noUpm
-name
AssetImportWorker0
-projectPath
C:/Users/User/Documents/GitHub/Unity_C-/SpaceShooter
-logFile
Logs/AssetImportWorker0.log
-srvPort
49778
Successfully changed project path to: C:/Users/User/Documents/GitHub/Unity_C-/SpaceShooter
C:/Users/User/Documents/GitHub/Unity_C-/SpaceShooter
Using Asset Import Pipeline V2.
Refreshing native plugins compatible for Editor in 46.59 ms, found 2 plugins.
Preloading 0 native plugins for Editor in 0.00 ms.
Initialize engine version: 2020.3.13f1 (71691879b7f5)
[Subsystems] Discovering subsystems at path C:/Program Files/Unity/Hub/Editor/2020.3.13f1/Editor/Data/Resources/UnitySubsystems
[Subsystems] Discovering subsystems at path C:/Users/User/Documents/GitHub/Unity_C-/SpaceShooter/Assets
GfxDevice: creating device client; threaded=0
Direct3D:
    Version:  Direct3D 11.0 [level 11.1]
    Renderer: NVIDIA GeForce RTX 2070 SUPER (ID=0x1e84)
    Vendor:   
    VRAM:     8011 MB
    Driver:   27.21.14.5671
Initialize mono
Mono path[0] = 'C:/Program Files/Unity/Hub/Editor/2020.3.13f1/Editor/Data/Managed'
Mono path[1] = 'C:/Program Files/Unity/Hub/Editor/2020.3.13f1/Editor/Data/MonoBleedingEdge/lib/mono/unityjit'
Mono config path = 'C:/Program Files/Unity/Hub/Editor/2020.3.13f1/Editor/Data/MonoBleedingEdge/etc'
Using monoOptions --debugger-agent=transport=dt_socket,embedding=1,server=y,suspend=n,address=127.0.0.1:56088
Begin MonoManager ReloadAssembly
Registering precompiled unity dll's ...
Register platform support module: C:/Program Files/Unity/Hub/Editor/2020.3.13f1/Editor/Data/PlaybackEngines/WebGLSupport/UnityEditor.WebGL.Extensions.dll
Register platform support module: C:/Program Files/Unity/Hub/Editor/2020.3.13f1/Editor/Data/PlaybackEngines/WindowsStandaloneSupport/UnityEditor.WindowsStandalone.Extensions.dll
Registered in 0.001362 seconds.
Native extension for WindowsStandalone target not found
Native extension for WebGL target not found
Refreshing native plugins compatible for Editor in 38.33 ms, found 2 plugins.
Preloading 0 native plugins for Editor in 0.00 ms.
Mono: successfully reloaded assembly
- Completed reload, in  0.809 seconds
Platform modules already initialized, skipping
Registering precompiled user dll's ...
Registered in 0.003424 seconds.
Begin MonoManager ReloadAssembly
Native extension for WindowsStandalone target not found
Native extension for WebGL target not found
Refreshing native plugins compatible for Editor in 0.58 ms, found 2 plugins.
Preloading 0 native plugins for Editor in 0.00 ms.
Mono: successfully reloaded assembly
- Completed reload, in  0.800 seconds
Platform modules already initialized, skipping
========================================================================
Worker process is ready to serve import requests
Launched and connected shader compiler UnityShaderCompiler.exe after 0.03 seconds
Refreshing native plugins compatible for Editor in 0.57 ms, found 2 plugins.
Preloading 0 native plugins for Editor in 0.00 ms.
Unloading 2110 Unused Serialized files (Serialized files now loaded: 0)
System memory in use before: 164.7 MB.
System memory in use after: 164.8 MB.

Unloading 59 unused Assets to reduce memory usage. Loaded Objects now: 2532.
Total: 4.636500 ms (FindLiveObjects: 0.138900 ms CreateObjectMapping: 0.056700 ms MarkObjects: 4.382200 ms  DeleteObjects: 0.058000 ms)

AssetImportParameters requested are different than current active one (requested -> active):
  custom:framework-win-MediaFoundation: 216162199b28c13a410421893ffa2e32 -> 
  custom:video-decoder-ogg-theora: a1e56fd34408186e4bbccfd4996cb3dc -> 
  custom:container-muxer-webm: aa71ff27fc2769a1b78a27578f13a17b -> 
  custom:container-demuxer-webm: 4f35f7cbe854078d1ac9338744f61a02 -> 
  custom:container-demuxer-ogg: 62fdf1f143b41e24485cea50d1cbac27 -> 
  custom:video-encoder-webm-vp8: eb34c28f22e8b96e1ab97ce403110664 -> 
  custom:video-decoder-webm-vp8: 9c59270c3fd7afecdb556c50c9e8de78 -> 
  custom:audio-decoder-ogg-vorbis: bf7c407c2cedff20999df2af8eb42d56 -> 
  custom:audio-encoder-webm-vorbis: bf7c407c2cedff20999df2af8eb42d56 -> 
========================================================================
Received Import Request.
  path: Assets/02.Scripts/Enemy/EnemyAI.cs
  artifactKey: Guid(e3b3d479a70591545b5cadf4af7747e4) Importer(815301076,1909f56bfc062723c751e8b465ee728b)
Start importing Assets/02.Scripts/Enemy/EnemyAI.cs using Guid(e3b3d479a70591545b5cadf4af7747e4) Importer(815301076,1909f56bfc062723c751e8b465ee728b)  -> (artifact id: 'baf2a89c290288bf01bad5486210c172') in 0.025212 seconds 
  Import took 0.027685 seconds .

========================================================================
Received Prepare
Registering precompiled user dll's ...
Registered in 0.003371 seconds.
Begin MonoManager ReloadAssembly
Native extension for WindowsStandalone target not found
Native extension for WebGL target not found
Refreshing native plugins compatible for Editor in 0.59 ms, found 2 plugins.
Preloading 0 native plugins for Editor in 0.00 ms.
Mono: successfully reloaded assembly
- Completed reload, in  0.779 seconds
Platform modules already initialized, skipping
Refreshing native plugins compatible for Editor in 0.62 ms, found 2 plugins.
Preloading 0 native plugins for Editor in 0.00 ms.
Unloading 2076 Unused Serialized files (Serialized files now loaded: 0)
System memory in use before: 161.9 MB.
System memory in use after: 162.0 MB.

Unloading 50 unused Assets to reduce memory usage. Loaded Objects now: 2535.
Total: 4.250100 ms (FindLiveObjects: 0.138300 ms CreateObjectMapping: 0.054200 ms MarkObjects: 4.038500 ms  DeleteObjects: 0.018400 ms)

AssetImportParameters requested are different than current active one (requested -> active):
  custom:framework-win-MediaFoundation: 216162199b28c13a410421893ffa2e32 -> 
  custom:video-decoder-ogg-theora: a1e56fd34408186e4bbccfd4996cb3dc -> 
  custom:container-muxer-webm: aa71ff27fc2769a1b78a27578f13a17b -> 
  custom:container-demuxer-webm: 4f35f7cbe854078d1ac9338744f61a02 -> 
  custom:container-demuxer-ogg: 62fdf1f143b41e24485cea50d1cbac27 -> 
  custom:video-encoder-webm-vp8: eb34c28f22e8b96e1ab97ce403110664 -> 
  custom:video-decoder-webm-vp8: 9c59270c3fd7afecdb556c50c9e8de78 -> 
  custom:audio-decoder-ogg-vorbis: bf7c407c2cedff20999df2af8eb42d56 -> 
  custom:audio-encoder-webm-vorbis: bf7c407c2cedff20999df2af8eb42d56 -> 
========================================================================
Received Import Request.
  Time since last request: 55.666703 seconds.
  path: Assets/02.Scripts/Enemy/EnemyAI.cs
  artifactKey: Guid(e3b3d479a70591545b5cadf4af7747e4) Importer(815301076,1909f56bfc062723c751e8b465ee728b)
Start importing Assets/02.Scripts/Enemy/EnemyAI.cs using Guid(e3b3d479a70591545b5cadf4af7747e4) Importer(815301076,1909f56bfc062723c751e8b465ee728b)  -> (artifact id: 'bdf3d2a8e1149a6712aaf6a1ba6e29b5') in 0.003314 seconds 
  Import took 0.005783 seconds .

========================================================================
Received Prepare
Registering precompiled user dll's ...
Registered in 0.003338 seconds.
Begin MonoManager ReloadAssembly
Native extension for WindowsStandalone target not found
Native extension for WebGL target not found
Refreshing native plugins compatible for Editor in 0.59 ms, found 2 plugins.
Preloading 0 native plugins for Editor in 0.00 ms.
Mono: successfully reloaded assembly
- Completed reload, in  0.774 seconds
Platform modules already initialized, skipping
Refreshing native plugins compatible for Editor in 0.60 ms, found 2 plugins.
Preloading 0 native plugins for Editor in 0.00 ms.
Unloading 2076 Unused Serialized files (Serialized files now loaded: 0)
System memory in use before: 161.9 MB.
System memory in use after: 162.0 MB.

Unloading 50 unused Assets to reduce memory usage. Loaded Objects now: 2538.
Total: 4.267400 ms (FindLiveObjects: 0.146000 ms CreateObjectMapping: 0.055000 ms MarkObjects: 4.046500 ms  DeleteObjects: 0.019000 ms)

AssetImportParameters requested are different than current active one (requested -> active):
  custom:framework-win-MediaFoundation: 216162199b28c13a410421893ffa2e32 -> 
  custom:video-decoder-ogg-theora: a1e56fd34408186e4bbccfd4996cb3dc -> 
  custom:container-muxer-webm: aa71ff27fc2769a1b78a27578f13a17b -> 
  custom:container-demuxer-webm: 4f35f7cbe854078d1ac9338744f61a02 -> 
  custom:container-demuxer-ogg: 62fdf1f143b41e24485cea50d1cbac27 -> 
  custom:video-encoder-webm-vp8: eb34c28f22e8b96e1ab97ce403110664 -> 
  custom:video-decoder-webm-vp8: 9c59270c3fd7afecdb556c50c9e8de78 -> 
  custom:audio-decoder-ogg-vorbis: bf7c407c2cedff20999df2af8eb42d56 -> 
  custom:audio-encoder-webm-vorbis: bf7c407c2cedff20999df2af8eb42d56 -> 
========================================================================
Received Import Request.
  Time since last request: 519.356468 seconds.
  path: Assets/07.Animations/Controllers/EnemyAnim.controller
  artifactKey: Guid(1f24c1335c22de14da79b21b28902a71) Importer(815301076,1909f56bfc062723c751e8b465ee728b)
Start importing Assets/07.Animations/Controllers/EnemyAnim.controller using Guid(1f24c1335c22de14da79b21b28902a71) Importer(815301076,1909f56bfc062723c751e8b465ee728b)  -> (artifact id: '8a478e8e6a7fdf49631ecfa5383f3309') in 0.026738 seconds 
  Import took 0.030259 seconds .

========================================================================
Received Import Request.
  Time since last request: 285.094442 seconds.
  path: Assets/02.Scripts/Enemy/EnemyFire.cs
  artifactKey: Guid(19a212754b1bdc147b3ed6d63a7f64c0) Importer(815301076,1909f56bfc062723c751e8b465ee728b)
Start importing Assets/02.Scripts/Enemy/EnemyFire.cs using Guid(19a212754b1bdc147b3ed6d63a7f64c0) Importer(815301076,1909f56bfc062723c751e8b465ee728b)  -> (artifact id: '53cb3baba37f972e6d3c45b640e78e5b') in 0.008036 seconds 
  Import took 0.010933 seconds .

========================================================================
Received Prepare
Registering precompiled user dll's ...
Registered in 0.004101 seconds.
Begin MonoManager ReloadAssembly
Native extension for WindowsStandalone target not found
Native extension for WebGL target not found
Refreshing native plugins compatible for Editor in 0.60 ms, found 2 plugins.
Preloading 0 native plugins for Editor in 0.00 ms.
Mono: successfully reloaded assembly
- Completed reload, in  0.771 seconds
Platform modules already initialized, skipping
Refreshing native plugins compatible for Editor in 0.63 ms, found 2 plugins.
Preloading 0 native plugins for Editor in 0.00 ms.
Unloading 2077 Unused Serialized files (Serialized files now loaded: 0)
System memory in use before: 162.0 MB.
System memory in use after: 162.1 MB.

Unloading 50 unused Assets to reduce memory usage. Loaded Objects now: 2542.
Total: 4.295500 ms (FindLiveObjects: 0.166500 ms CreateObjectMapping: 0.063200 ms MarkObjects: 4.040500 ms  DeleteObjects: 0.024300 ms)

AssetImportParameters requested are different than current active one (requested -> active):
  custom:framework-win-MediaFoundation: 216162199b28c13a410421893ffa2e32 -> 
  custom:video-decoder-ogg-theora: a1e56fd34408186e4bbccfd4996cb3dc -> 
  custom:container-muxer-webm: aa71ff27fc2769a1b78a27578f13a17b -> 
  custom:container-demuxer-webm: 4f35f7cbe854078d1ac9338744f61a02 -> 
  custom:container-demuxer-ogg: 62fdf1f143b41e24485cea50d1cbac27 -> 
  custom:video-encoder-webm-vp8: eb34c28f22e8b96e1ab97ce403110664 -> 
  custom:video-decoder-webm-vp8: 9c59270c3fd7afecdb556c50c9e8de78 -> 
  custom:audio-decoder-ogg-vorbis: bf7c407c2cedff20999df2af8eb42d56 -> 
  custom:audio-encoder-webm-vorbis: bf7c407c2cedff20999df2af8eb42d56 -> 
========================================================================
Received Prepare
Registering precompiled user dll's ...
Registered in 0.003205 seconds.
Begin MonoManager ReloadAssembly
Native extension for WindowsStandalone target not found
Native extension for WebGL target not found
Refreshing native plugins compatible for Editor in 0.59 ms, found 2 plugins.
Preloading 0 native plugins for Editor in 0.00 ms.
Mono: successfully reloaded assembly
- Completed reload, in  0.755 seconds
Platform modules already initialized, skipping
Refreshing native plugins compatible for Editor in 0.60 ms, found 2 plugins.
Preloading 0 native plugins for Editor in 0.00 ms.
Unloading 2077 Unused Serialized files (Serialized files now loaded: 0)
System memory in use before: 162.0 MB.
System memory in use after: 162.1 MB.

Unloading 50 unused Assets to reduce memory usage. Loaded Objects now: 2545.
Total: 4.095000 ms (FindLiveObjects: 0.151400 ms CreateObjectMapping: 0.064000 ms MarkObjects: 3.860300 ms  DeleteObjects: 0.018600 ms)

AssetImportParameters requested are different than current active one (requested -> active):
  custom:framework-win-MediaFoundation: 216162199b28c13a410421893ffa2e32 -> 
  custom:video-decoder-ogg-theora: a1e56fd34408186e4bbccfd4996cb3dc -> 
  custom:container-muxer-webm: aa71ff27fc2769a1b78a27578f13a17b -> 
  custom:container-demuxer-webm: 4f35f7cbe854078d1ac9338744f61a02 -> 
  custom:container-demuxer-ogg: 62fdf1f143b41e24485cea50d1cbac27 -> 
  custom:video-encoder-webm-vp8: eb34c28f22e8b96e1ab97ce403110664 -> 
  custom:video-decoder-webm-vp8: 9c59270c3fd7afecdb556c50c9e8de78 -> 
  custom:audio-decoder-ogg-vorbis: bf7c407c2cedff20999df2af8eb42d56 -> 
  custom:audio-encoder-webm-vorbis: bf7c407c2cedff20999df2af8eb42d56 -> 
========================================================================
Received Import Request.
  Time since last request: 597.747427 seconds.
  path: Assets/02.Scripts/Enemy/EnemyFire.cs
  artifactKey: Guid(19a212754b1bdc147b3ed6d63a7f64c0) Importer(815301076,1909f56bfc062723c751e8b465ee728b)
Start importing Assets/02.Scripts/Enemy/EnemyFire.cs using Guid(19a212754b1bdc147b3ed6d63a7f64c0) Importer(815301076,1909f56bfc062723c751e8b465ee728b)  -> (artifact id: '7f32e5e743e2692c26755dc312f556a7') in 0.003457 seconds 
  Import took 0.005919 seconds .

========================================================================
Received Prepare
Registering precompiled user dll's ...
Registered in 0.003311 seconds.
Begin MonoManager ReloadAssembly
Native extension for WindowsStandalone target not found
Native extension for WebGL target not found
Refreshing native plugins compatible for Editor in 0.59 ms, found 2 plugins.
Preloading 0 native plugins for Editor in 0.00 ms.
Mono: successfully reloaded assembly
- Completed reload, in  0.759 seconds
Platform modules already initialized, skipping
Refreshing native plugins compatible for Editor in 0.60 ms, found 2 plugins.
Preloading 0 native plugins for Editor in 0.00 ms.
Unloading 2077 Unused Serialized files (Serialized files now loaded: 0)
System memory in use before: 162.0 MB.
System memory in use after: 162.1 MB.

Unloading 50 unused Assets to reduce memory usage. Loaded Objects now: 2548.
Total: 4.377300 ms (FindLiveObjects: 0.160900 ms CreateObjectMapping: 0.066200 ms MarkObjects: 4.123300 ms  DeleteObjects: 0.025900 ms)

AssetImportParameters requested are different than current active one (requested -> active):
  custom:framework-win-MediaFoundation: 216162199b28c13a410421893ffa2e32 -> 
  custom:video-decoder-ogg-theora: a1e56fd34408186e4bbccfd4996cb3dc -> 
  custom:container-muxer-webm: aa71ff27fc2769a1b78a27578f13a17b -> 
  custom:container-demuxer-webm: 4f35f7cbe854078d1ac9338744f61a02 -> 
  custom:container-demuxer-ogg: 62fdf1f143b41e24485cea50d1cbac27 -> 
  custom:video-encoder-webm-vp8: eb34c28f22e8b96e1ab97ce403110664 -> 
  custom:video-decoder-webm-vp8: 9c59270c3fd7afecdb556c50c9e8de78 -> 
  custom:audio-decoder-ogg-vorbis: bf7c407c2cedff20999df2af8eb42d56 -> 
  custom:audio-encoder-webm-vorbis: bf7c407c2cedff20999df2af8eb42d56 -> 
========================================================================
Received Import Request.
  Time since last request: 71.776014 seconds.
  path: Assets/02.Scripts/Enemy/EnemyFire.cs
  artifactKey: Guid(19a212754b1bdc147b3ed6d63a7f64c0) Importer(815301076,1909f56bfc062723c751e8b465ee728b)
Start importing Assets/02.Scripts/Enemy/EnemyFire.cs using Guid(19a212754b1bdc147b3ed6d63a7f64c0) Importer(815301076,1909f56bfc062723c751e8b465ee728b)  -> (artifact id: 'a3d1b67a7d0862e27312ea2122ffe0b9') in 0.004027 seconds 
  Import took 0.006784 seconds .

========================================================================
Received Import Request.
  Time since last request: 99.651122 seconds.
  path: Assets/02.Scripts/Enemy/EnemyAI.cs
  artifactKey: Guid(e3b3d479a70591545b5cadf4af7747e4) Importer(815301076,1909f56bfc062723c751e8b465ee728b)
Start importing Assets/02.Scripts/Enemy/EnemyAI.cs using Guid(e3b3d479a70591545b5cadf4af7747e4) Importer(815301076,1909f56bfc062723c751e8b465ee728b)  -> (artifact id: '930c9c29b2bbbe4dac44587a04beb6dd') in 0.001605 seconds 
  Import took 0.004334 seconds .

========================================================================
Received Import Request.
  Time since last request: 0.000438 seconds.
  path: Assets/02.Scripts/Enemy/EnemyAI.cs
  artifactKey: Guid(e3b3d479a70591545b5cadf4af7747e4) Importer(815301076,1909f56bfc062723c751e8b465ee728b)
Start importing Assets/02.Scripts/Enemy/EnemyAI.cs using Guid(e3b3d479a70591545b5cadf4af7747e4) Importer(815301076,1909f56bfc062723c751e8b465ee728b)  -> (artifact id: '930c9c29b2bbbe4dac44587a04beb6dd') in 0.001617 seconds 
  Import took 0.004116 seconds .

========================================================================
Received Import Request.
  Time since last request: 30.605228 seconds.
  path: Assets/02.Scripts/Enemy/MoveAgent.cs
  artifactKey: Guid(42dc6cb0bbc57594990ea89770bf1a73) Importer(815301076,1909f56bfc062723c751e8b465ee728b)
Start importing Assets/02.Scripts/Enemy/MoveAgent.cs using Guid(42dc6cb0bbc57594990ea89770bf1a73) Importer(815301076,1909f56bfc062723c751e8b465ee728b)  -> (artifact id: '0e00834fe799607cfce0e3d24651ddd6') in 0.004836 seconds 
  Import took 0.007546 seconds .

========================================================================
Received Import Request.
  Time since last request: 157.875160 seconds.
  path: Assets/05.Models/Enemy/Textures/t_skin09_d.psd
  artifactKey: Guid(9a0fb29ed10b43b4b94b3b7461a5b756) Importer(815301076,1909f56bfc062723c751e8b465ee728b)
Start importing Assets/05.Models/Enemy/Textures/t_skin09_d.psd using Guid(9a0fb29ed10b43b4b94b3b7461a5b756) Importer(815301076,1909f56bfc062723c751e8b465ee728b)  -> (artifact id: '12f93c3771cb1840faf7b7ffcb2cd023') in 0.055718 seconds 
  Import took 0.058674 seconds .

========================================================================
Received Import Request.
  Time since last request: 0.000232 seconds.
  path: Assets/05.Models/Enemy/Textures/t_skin09_n.psd
  artifactKey: Guid(11d5a1d6a69f5344a9efc26742ae1cb1) Importer(815301076,1909f56bfc062723c751e8b465ee728b)
Start importing Assets/05.Models/Enemy/Textures/t_skin09_n.psd using Guid(11d5a1d6a69f5344a9efc26742ae1cb1) Importer(815301076,1909f56bfc062723c751e8b465ee728b)  -> (artifact id: 'df3ae5533fd38d008e498b0f5d26957e') in 0.029920 seconds 
  Import took 0.032800 seconds .

========================================================================
Received Import Request.
  Time since last request: 0.000234 seconds.
  path: Assets/05.Models/Enemy/Textures/t_skin09_d.psd
  artifactKey: Guid(9a0fb29ed10b43b4b94b3b7461a5b756) Importer(815301076,1909f56bfc062723c751e8b465ee728b)
Start importing Assets/05.Models/Enemy/Textures/t_skin09_d.psd using Guid(9a0fb29ed10b43b4b94b3b7461a5b756) Importer(815301076,1909f56bfc062723c751e8b465ee728b)  -> (artifact id: '12f93c3771cb1840faf7b7ffcb2cd023') in 0.008303 seconds 
  Import took 0.011263 seconds .

========================================================================
Received Prepare
Registering precompiled user dll's ...
Registered in 0.003242 seconds.
Begin MonoManager ReloadAssembly
Native extension for WindowsStandalone target not found
Native extension for WebGL target not found
Refreshing native plugins compatible for Editor in 0.60 ms, found 2 plugins.
Preloading 0 native plugins for Editor in 0.00 ms.
Mono: successfully reloaded assembly
- Completed reload, in  0.766 seconds
Platform modules already initialized, skipping
Refreshing native plugins compatible for Editor in 0.60 ms, found 2 plugins.
Preloading 0 native plugins for Editor in 0.00 ms.
Unloading 2077 Unused Serialized files (Serialized files now loaded: 0)
System memory in use before: 165.0 MB.
System memory in use after: 165.1 MB.

Unloading 50 unused Assets to reduce memory usage. Loaded Objects now: 2556.
Total: 4.624500 ms (FindLiveObjects: 0.148900 ms CreateObjectMapping: 0.056000 ms MarkObjects: 4.401000 ms  DeleteObjects: 0.017900 ms)

AssetImportParameters requested are different than current active one (requested -> active):
  custom:framework-win-MediaFoundation: 216162199b28c13a410421893ffa2e32 -> 
  custom:video-decoder-ogg-theora: a1e56fd34408186e4bbccfd4996cb3dc -> 
  custom:container-muxer-webm: aa71ff27fc2769a1b78a27578f13a17b -> 
  custom:container-demuxer-webm: 4f35f7cbe854078d1ac9338744f61a02 -> 
  custom:container-demuxer-ogg: 62fdf1f143b41e24485cea50d1cbac27 -> 
  custom:video-encoder-webm-vp8: eb34c28f22e8b96e1ab97ce403110664 -> 
  custom:video-decoder-webm-vp8: 9c59270c3fd7afecdb556c50c9e8de78 -> 
  custom:audio-decoder-ogg-vorbis: bf7c407c2cedff20999df2af8eb42d56 -> 
  custom:audio-encoder-webm-vorbis: bf7c407c2cedff20999df2af8eb42d56 -> 
========================================================================
Received Import Request.
  Time since last request: 86.856968 seconds.
  path: Assets/02.Scripts/Enemy/EnemyAI.cs
  artifactKey: Guid(e3b3d479a70591545b5cadf4af7747e4) Importer(815301076,1909f56bfc062723c751e8b465ee728b)
Start importing Assets/02.Scripts/Enemy/EnemyAI.cs using Guid(e3b3d479a70591545b5cadf4af7747e4) Importer(815301076,1909f56bfc062723c751e8b465ee728b)  -> (artifact id: '074ed105b32d2355bad0e4d364394a25') in 0.003540 seconds 
  Import took 0.006090 seconds .

========================================================================
Received Prepare
Registering precompiled user dll's ...
Registered in 0.003328 seconds.
Begin MonoManager ReloadAssembly
Native extension for WindowsStandalone target not found
Native extension for WebGL target not found
Refreshing native plugins compatible for Editor in 0.58 ms, found 2 plugins.
Preloading 0 native plugins for Editor in 0.00 ms.
Mono: successfully reloaded assembly
- Completed reload, in  0.758 seconds
Platform modules already initialized, skipping
Refreshing native plugins compatible for Editor in 0.63 ms, found 2 plugins.
Preloading 0 native plugins for Editor in 0.00 ms.
Unloading 2077 Unused Serialized files (Serialized files now loaded: 0)
System memory in use before: 165.0 MB.
System memory in use after: 165.1 MB.

Unloading 50 unused Assets to reduce memory usage. Loaded Objects now: 2559.
Total: 4.599000 ms (FindLiveObjects: 0.136100 ms CreateObjectMapping: 0.051700 ms MarkObjects: 4.391800 ms  DeleteObjects: 0.018600 ms)

AssetImportParameters requested are different than current active one (requested -> active):
  custom:framework-win-MediaFoundation: 216162199b28c13a410421893ffa2e32 -> 
  custom:video-decoder-ogg-theora: a1e56fd34408186e4bbccfd4996cb3dc -> 
  custom:container-muxer-webm: aa71ff27fc2769a1b78a27578f13a17b -> 
  custom:container-demuxer-webm: 4f35f7cbe854078d1ac9338744f61a02 -> 
  custom:container-demuxer-ogg: 62fdf1f143b41e24485cea50d1cbac27 -> 
  custom:video-encoder-webm-vp8: eb34c28f22e8b96e1ab97ce403110664 -> 
  custom:video-decoder-webm-vp8: 9c59270c3fd7afecdb556c50c9e8de78 -> 
  custom:audio-decoder-ogg-vorbis: bf7c407c2cedff20999df2af8eb42d56 -> 
  custom:audio-encoder-webm-vorbis: bf7c407c2cedff20999df2af8eb42d56 -> 
========================================================================
Received Prepare
Registering precompiled user dll's ...
Registered in 0.003232 seconds.
Begin MonoManager ReloadAssembly
Native extension for WindowsStandalone target not found
Native extension for WebGL target not found
Refreshing native plugins compatible for Editor in 0.60 ms, found 2 plugins.
Preloading 0 native plugins for Editor in 0.00 ms.
Mono: successfully reloaded assembly
- Completed reload, in  0.743 seconds
Platform modules already initialized, skipping
Refreshing native plugins compatible for Editor in 0.60 ms, found 2 plugins.
Preloading 0 native plugins for Editor in 0.00 ms.
Unloading 2077 Unused Serialized files (Serialized files now loaded: 0)
System memory in use before: 165.0 MB.
System memory in use after: 165.1 MB.

Unloading 50 unused Assets to reduce memory usage. Loaded Objects now: 2562.
Total: 4.412500 ms (FindLiveObjects: 0.149900 ms CreateObjectMapping: 0.056600 ms MarkObjects: 4.186300 ms  DeleteObjects: 0.019200 ms)

AssetImportParameters requested are different than current active one (requested -> active):
  custom:framework-win-MediaFoundation: 216162199b28c13a410421893ffa2e32 -> 
  custom:video-decoder-ogg-theora: a1e56fd34408186e4bbccfd4996cb3dc -> 
  custom:container-muxer-webm: aa71ff27fc2769a1b78a27578f13a17b -> 
  custom:container-demuxer-webm: 4f35f7cbe854078d1ac9338744f61a02 -> 
  custom:container-demuxer-ogg: 62fdf1f143b41e24485cea50d1cbac27 -> 
  custom:video-encoder-webm-vp8: eb34c28f22e8b96e1ab97ce403110664 -> 
  custom:video-decoder-webm-vp8: 9c59270c3fd7afecdb556c50c9e8de78 -> 
  custom:audio-decoder-ogg-vorbis: bf7c407c2cedff20999df2af8eb42d56 -> 
  custom:audio-encoder-webm-vorbis: bf7c407c2cedff20999df2af8eb42d56 -> 
========================================================================
Received Prepare
Registering precompiled user dll's ...
Registered in 0.003320 seconds.
Begin MonoManager ReloadAssembly
Native extension for WindowsStandalone target not found
Native extension for WebGL target not found
Refreshing native plugins compatible for Editor in 0.65 ms, found 2 plugins.
Preloading 0 native plugins for Editor in 0.00 ms.
Mono: successfully reloaded assembly
- Completed reload, in  0.758 seconds
Platform modules already initialized, skipping
Refreshing native plugins compatible for Editor in 0.60 ms, found 2 plugins.
Preloading 0 native plugins for Editor in 0.00 ms.
Unloading 2077 Unused Serialized files (Serialized files now loaded: 0)
System memory in use before: 165.0 MB.
System memory in use after: 165.1 MB.

Unloading 50 unused Assets to reduce memory usage. Loaded Objects now: 2565.
Total: 4.558800 ms (FindLiveObjects: 0.210900 ms CreateObjectMapping: 0.074200 ms MarkObjects: 4.251700 ms  DeleteObjects: 0.021200 ms)

AssetImportParameters requested are different than current active one (requested -> active):
  custom:framework-win-MediaFoundation: 216162199b28c13a410421893ffa2e32 -> 
  custom:video-decoder-ogg-theora: a1e56fd34408186e4bbccfd4996cb3dc -> 
  custom:container-muxer-webm: aa71ff27fc2769a1b78a27578f13a17b -> 
  custom:container-demuxer-webm: 4f35f7cbe854078d1ac9338744f61a02 -> 
  custom:container-demuxer-ogg: 62fdf1f143b41e24485cea50d1cbac27 -> 
  custom:video-encoder-webm-vp8: eb34c28f22e8b96e1ab97ce403110664 -> 
  custom:video-decoder-webm-vp8: 9c59270c3fd7afecdb556c50c9e8de78 -> 
  custom:audio-decoder-ogg-vorbis: bf7c407c2cedff20999df2af8eb42d56 -> 
  custom:audio-encoder-webm-vorbis: bf7c407c2cedff20999df2af8eb42d56 -> 
========================================================================
Received Prepare
Registering precompiled user dll's ...
Registered in 0.004026 seconds.
Begin MonoManager ReloadAssembly
Native extension for WindowsStandalone target not found
Native extension for WebGL target not found
Refreshing native plugins compatible for Editor in 0.59 ms, found 2 plugins.
Preloading 0 native plugins for Editor in 0.00 ms.
Mono: successfully reloaded assembly
- Completed reload, in  0.758 seconds
Platform modules already initialized, skipping
Refreshing native plugins compatible for Editor in 0.60 ms, found 2 plugins.
Preloading 0 native plugins for Editor in 0.00 ms.
Unloading 2077 Unused Serialized files (Serialized files now loaded: 0)
System memory in use before: 165.0 MB.
System memory in use after: 165.1 MB.

Unloading 50 unused Assets to reduce memory usage. Loaded Objects now: 2568.
Total: 4.208200 ms (FindLiveObjects: 0.140400 ms CreateObjectMapping: 0.056700 ms MarkObjects: 3.992700 ms  DeleteObjects: 0.017600 ms)

AssetImportParameters requested are different than current active one (requested -> active):
  custom:framework-win-MediaFoundation: 216162199b28c13a410421893ffa2e32 -> 
  custom:video-decoder-ogg-theora: a1e56fd34408186e4bbccfd4996cb3dc -> 
  custom:container-muxer-webm: aa71ff27fc2769a1b78a27578f13a17b -> 
  custom:container-demuxer-webm: 4f35f7cbe854078d1ac9338744f61a02 -> 
  custom:container-demuxer-ogg: 62fdf1f143b41e24485cea50d1cbac27 -> 
  custom:video-encoder-webm-vp8: eb34c28f22e8b96e1ab97ce403110664 -> 
  custom:video-decoder-webm-vp8: 9c59270c3fd7afecdb556c50c9e8de78 -> 
  custom:audio-decoder-ogg-vorbis: bf7c407c2cedff20999df2af8eb42d56 -> 
  custom:audio-encoder-webm-vorbis: bf7c407c2cedff20999df2af8eb42d56 -> 
========================================================================
Received Import Request.
  Time since last request: 272.265370 seconds.
  path: Assets/07.Animations/Enemy Animation Clip/enemy_fire_animation.fbx
  artifactKey: Guid(6d9bc59eae821402fa3cfd854bddd61e) Importer(815301076,1909f56bfc062723c751e8b465ee728b)
Start importing Assets/07.Animations/Enemy Animation Clip/enemy_fire_animation.fbx using Guid(6d9bc59eae821402fa3cfd854bddd61e) Importer(815301076,1909f56bfc062723c751e8b465ee728b)  -> (artifact id: 'e6f64d39878de537aba9d4dc4df59554') in 0.052892 seconds 
  Import took 0.061789 seconds .

========================================================================
Received Prepare
Registering precompiled user dll's ...
Registered in 0.003906 seconds.
Begin MonoManager ReloadAssembly
Native extension for WindowsStandalone target not found
Native extension for WebGL target not found
Refreshing native plugins compatible for Editor in 0.59 ms, found 2 plugins.
Preloading 0 native plugins for Editor in 0.00 ms.
Mono: successfully reloaded assembly
- Completed reload, in  0.772 seconds
Platform modules already initialized, skipping
Refreshing native plugins compatible for Editor in 0.62 ms, found 2 plugins.
Preloading 0 native plugins for Editor in 0.00 ms.
Unloading 2077 Unused Serialized files (Serialized files now loaded: 0)
System memory in use before: 165.0 MB.
System memory in use after: 165.1 MB.

Unloading 50 unused Assets to reduce memory usage. Loaded Objects now: 2571.
Total: 4.547200 ms (FindLiveObjects: 0.144900 ms CreateObjectMapping: 0.056700 ms MarkObjects: 4.326100 ms  DeleteObjects: 0.018700 ms)

AssetImportParameters requested are different than current active one (requested -> active):
  custom:framework-win-MediaFoundation: 216162199b28c13a410421893ffa2e32 -> 
  custom:video-decoder-ogg-theora: a1e56fd34408186e4bbccfd4996cb3dc -> 
  custom:container-muxer-webm: aa71ff27fc2769a1b78a27578f13a17b -> 
  custom:container-demuxer-webm: 4f35f7cbe854078d1ac9338744f61a02 -> 
  custom:container-demuxer-ogg: 62fdf1f143b41e24485cea50d1cbac27 -> 
  custom:video-encoder-webm-vp8: eb34c28f22e8b96e1ab97ce403110664 -> 
  custom:video-decoder-webm-vp8: 9c59270c3fd7afecdb556c50c9e8de78 -> 
  custom:audio-decoder-ogg-vorbis: bf7c407c2cedff20999df2af8eb42d56 -> 
  custom:audio-encoder-webm-vorbis: bf7c407c2cedff20999df2af8eb42d56 -> 
========================================================================
Received Import Request.
  Time since last request: 52.287868 seconds.
  path: Assets/07.Animations/Enemy Animation Clip/enemy_fire_animation.fbx
  artifactKey: Guid(6d9bc59eae821402fa3cfd854bddd61e) Importer(815301076,1909f56bfc062723c751e8b465ee728b)
Start importing Assets/07.Animations/Enemy Animation Clip/enemy_fire_animation.fbx using Guid(6d9bc59eae821402fa3cfd854bddd61e) Importer(815301076,1909f56bfc062723c751e8b465ee728b)  -> (artifact id: 'a97d910a36ea0ef76efb841bf42e7a62') in 0.022586 seconds 
  Import took 0.025434 seconds .

========================================================================
Received Import Request.
  Time since last request: 104.782109 seconds.
  path: Assets/07.Animations/Controllers/EnemyReload.mask
  artifactKey: Guid(66f2ef2ec28da374ea2e821f7d28423f) Importer(815301076,1909f56bfc062723c751e8b465ee728b)
Start importing Assets/07.Animations/Controllers/EnemyReload.mask using Guid(66f2ef2ec28da374ea2e821f7d28423f) Importer(815301076,1909f56bfc062723c751e8b465ee728b)  -> (artifact id: '3c51ccf05913cface0bb28de0637cbff') in 0.007936 seconds 
  Import took 0.010635 seconds .

========================================================================
Received Import Request.
  Time since last request: 0.000810 seconds.
  path: Assets/07.Animations/Controllers/EnemyReload.mask
  artifactKey: Guid(66f2ef2ec28da374ea2e821f7d28423f) Importer(815301076,1909f56bfc062723c751e8b465ee728b)
Start importing Assets/07.Animations/Controllers/EnemyReload.mask using Guid(66f2ef2ec28da374ea2e821f7d28423f) Importer(815301076,1909f56bfc062723c751e8b465ee728b)  -> (artifact id: '3c51ccf05913cface0bb28de0637cbff') in 0.001801 seconds 
  Import took 0.004453 seconds .

========================================================================
Received Import Request.
  Time since last request: 356.725902 seconds.
  path: Assets/02.Scripts/Enemy/EnemyFire.cs
  artifactKey: Guid(19a212754b1bdc147b3ed6d63a7f64c0) Importer(815301076,1909f56bfc062723c751e8b465ee728b)
Start importing Assets/02.Scripts/Enemy/EnemyFire.cs using Guid(19a212754b1bdc147b3ed6d63a7f64c0) Importer(815301076,1909f56bfc062723c751e8b465ee728b)  -> (artifact id: 'a83c5ff5ef4b14168b7937db6aa1d05d') in 0.001829 seconds 
  Import took 0.004757 seconds .

========================================================================
Received Import Request.
  Time since last request: 0.001344 seconds.
  path: Assets/02.Scripts/Enemy/EnemyFire.cs
  artifactKey: Guid(19a212754b1bdc147b3ed6d63a7f64c0) Importer(815301076,1909f56bfc062723c751e8b465ee728b)
Start importing Assets/02.Scripts/Enemy/EnemyFire.cs using Guid(19a212754b1bdc147b3ed6d63a7f64c0) Importer(815301076,1909f56bfc062723c751e8b465ee728b)  -> (artifact id: 'a83c5ff5ef4b14168b7937db6aa1d05d') in 0.001861 seconds 
  Import took 0.004373 seconds .

========================================================================
Received Prepare
Registering precompiled user dll's ...
Registered in 0.003852 seconds.
Begin MonoManager ReloadAssembly
Native extension for WindowsStandalone target not found
Native extension for WebGL target not found
Refreshing native plugins compatible for Editor in 0.61 ms, found 2 plugins.
Preloading 0 native plugins for Editor in 0.00 ms.
Mono: successfully reloaded assembly
- Completed reload, in  0.772 seconds
Platform modules already initialized, skipping
Refreshing native plugins compatible for Editor in 0.60 ms, found 2 plugins.
Preloading 0 native plugins for Editor in 0.00 ms.
Unloading 2077 Unused Serialized files (Serialized files now loaded: 0)
System memory in use before: 165.0 MB.
System memory in use after: 165.2 MB.

Unloading 50 unused Assets to reduce memory usage. Loaded Objects now: 2574.
Total: 4.700500 ms (FindLiveObjects: 0.154800 ms CreateObjectMapping: 0.060100 ms MarkObjects: 4.466000 ms  DeleteObjects: 0.019000 ms)

AssetImportParameters requested are different than current active one (requested -> active):
  custom:framework-win-MediaFoundation: 216162199b28c13a410421893ffa2e32 -> 
  custom:video-decoder-ogg-theora: a1e56fd34408186e4bbccfd4996cb3dc -> 
  custom:container-muxer-webm: aa71ff27fc2769a1b78a27578f13a17b -> 
  custom:container-demuxer-webm: 4f35f7cbe854078d1ac9338744f61a02 -> 
  custom:container-demuxer-ogg: 62fdf1f143b41e24485cea50d1cbac27 -> 
  custom:video-encoder-webm-vp8: eb34c28f22e8b96e1ab97ce403110664 -> 
  custom:video-decoder-webm-vp8: 9c59270c3fd7afecdb556c50c9e8de78 -> 
  custom:audio-decoder-ogg-vorbis: bf7c407c2cedff20999df2af8eb42d56 -> 
  custom:audio-encoder-webm-vorbis: bf7c407c2cedff20999df2af8eb42d56 -> 
========================================================================
Received Import Request.
  Time since last request: 364.945638 seconds.
  path: Assets/02.Scripts/Enemy/EnemyFire.cs
  artifactKey: Guid(19a212754b1bdc147b3ed6d63a7f64c0) Importer(815301076,1909f56bfc062723c751e8b465ee728b)
Start importing Assets/02.Scripts/Enemy/EnemyFire.cs using Guid(19a212754b1bdc147b3ed6d63a7f64c0) Importer(815301076,1909f56bfc062723c751e8b465ee728b)  -> (artifact id: '424af4fc20e606fff1df875898fbabe7') in 0.003517 seconds 
  Import took 0.006074 seconds .

========================================================================
Received Prepare
Registering precompiled user dll's ...
Registered in 0.003849 seconds.
Begin MonoManager ReloadAssembly
Native extension for WindowsStandalone target not found
Native extension for WebGL target not found
Refreshing native plugins compatible for Editor in 0.60 ms, found 2 plugins.
Preloading 0 native plugins for Editor in 0.00 ms.
Mono: successfully reloaded assembly
- Completed reload, in  0.765 seconds
Platform modules already initialized, skipping
Refreshing native plugins compatible for Editor in 0.59 ms, found 2 plugins.
Preloading 0 native plugins for Editor in 0.00 ms.
Unloading 2077 Unused Serialized files (Serialized files now loaded: 0)
System memory in use before: 165.1 MB.
System memory in use after: 165.2 MB.

Unloading 50 unused Assets to reduce memory usage. Loaded Objects now: 2577.
Total: 4.726000 ms (FindLiveObjects: 0.152400 ms CreateObjectMapping: 0.062600 ms MarkObjects: 4.490800 ms  DeleteObjects: 0.019300 ms)

AssetImportParameters requested are different than current active one (requested -> active):
  custom:framework-win-MediaFoundation: 216162199b28c13a410421893ffa2e32 -> 
  custom:video-decoder-ogg-theora: a1e56fd34408186e4bbccfd4996cb3dc -> 
  custom:container-muxer-webm: aa71ff27fc2769a1b78a27578f13a17b -> 
  custom:container-demuxer-webm: 4f35f7cbe854078d1ac9338744f61a02 -> 
  custom:container-demuxer-ogg: 62fdf1f143b41e24485cea50d1cbac27 -> 
  custom:video-encoder-webm-vp8: eb34c28f22e8b96e1ab97ce403110664 -> 
  custom:video-decoder-webm-vp8: 9c59270c3fd7afecdb556c50c9e8de78 -> 
  custom:audio-decoder-ogg-vorbis: bf7c407c2cedff20999df2af8eb42d56 -> 
  custom:audio-encoder-webm-vorbis: bf7c407c2cedff20999df2af8eb42d56 -> 
========================================================================
Received Import Request.
  Time since last request: 85.593301 seconds.
  path: Assets/03.Prefabs/Bullet 1.prefab
  artifactKey: Guid(41dc1c146c4311f449b04fed00684b76) Importer(815301076,1909f56bfc062723c751e8b465ee728b)
Start importing Assets/03.Prefabs/Bullet 1.prefab using Guid(41dc1c146c4311f449b04fed00684b76) Importer(815301076,1909f56bfc062723c751e8b465ee728b)  -> (artifact id: '60f0781b9f3411dbdeea999d16bb4938') in 0.053365 seconds 
  Import took 0.056183 seconds .

========================================================================
Received Import Request.
  Time since last request: 5.432951 seconds.
  path: Assets/03.Prefabs/E_Bullet.prefab
  artifactKey: Guid(41dc1c146c4311f449b04fed00684b76) Importer(815301076,1909f56bfc062723c751e8b465ee728b)
Start importing Assets/03.Prefabs/E_Bullet.prefab using Guid(41dc1c146c4311f449b04fed00684b76) Importer(815301076,1909f56bfc062723c751e8b465ee728b)  -> (artifact id: '96f7b7d15bdd4d866b9efaeb2ec7901f') in 0.010141 seconds 
  Import took 0.013711 seconds .

========================================================================
Received Import Request.
  Time since last request: 9.907194 seconds.
  path: Assets/03.Prefabs/E_Bullet.prefab
  artifactKey: Guid(41dc1c146c4311f449b04fed00684b76) Importer(815301076,1909f56bfc062723c751e8b465ee728b)
Start importing Assets/03.Prefabs/E_Bullet.prefab using Guid(41dc1c146c4311f449b04fed00684b76) Importer(815301076,1909f56bfc062723c751e8b465ee728b)  -> (artifact id: 'ee0a1fcc43f1933bdd8da17b92e43a2d') in 0.009763 seconds 
  Import took 0.012658 seconds .

========================================================================
Received Import Request.
  Time since last request: 0.000676 seconds.
  path: Assets/03.Prefabs/E_Bullet.prefab
  artifactKey: Guid(41dc1c146c4311f449b04fed00684b76) Importer(815301076,1909f56bfc062723c751e8b465ee728b)
Start importing Assets/03.Prefabs/E_Bullet.prefab using Guid(41dc1c146c4311f449b04fed00684b76) Importer(815301076,1909f56bfc062723c751e8b465ee728b)  -> (artifact id: 'ee0a1fcc43f1933bdd8da17b92e43a2d') in 0.009231 seconds 
  Import took 0.012108 seconds .

========================================================================
Received Import Request.
  Time since last request: 21.752009 seconds.
  path: Assets/03.Prefabs/E_Bullet.prefab
  artifactKey: Guid(41dc1c146c4311f449b04fed00684b76) Importer(815301076,1909f56bfc062723c751e8b465ee728b)
Start importing Assets/03.Prefabs/E_Bullet.prefab using Guid(41dc1c146c4311f449b04fed00684b76) Importer(815301076,1909f56bfc062723c751e8b465ee728b)  -> (artifact id: '0fbf8265480c0700b3531aaeed2d14e6') in 0.009589 seconds 
  Import took 0.012630 seconds .

========================================================================
Received Import Request.
  Time since last request: 0.007379 seconds.
  path: Assets/03.Prefabs/E_Bullet.prefab
  artifactKey: Guid(41dc1c146c4311f449b04fed00684b76) Importer(815301076,1909f56bfc062723c751e8b465ee728b)
Start importing Assets/03.Prefabs/E_Bullet.prefab using Guid(41dc1c146c4311f449b04fed00684b76) Importer(815301076,1909f56bfc062723c751e8b465ee728b)  -> (artifact id: '0fbf8265480c0700b3531aaeed2d14e6') in 0.009116 seconds 
  Import took 0.011963 seconds .

========================================================================
Received Import Request.
  Time since last request: 13.425678 seconds.
  path: Assets/03.Prefabs/E_Bullet.prefab
  artifactKey: Guid(41dc1c146c4311f449b04fed00684b76) Importer(815301076,1909f56bfc062723c751e8b465ee728b)
Start importing Assets/03.Prefabs/E_Bullet.prefab using Guid(41dc1c146c4311f449b04fed00684b76) Importer(815301076,1909f56bfc062723c751e8b465ee728b)  -> (artifact id: '4fa9ddffc30220af130b03bf9942890d') in 0.009486 seconds 
  Import took 0.012423 seconds .

========================================================================
Received Prepare
Registering precompiled user dll's ...
Registered in 0.003823 seconds.
Begin MonoManager ReloadAssembly
Native extension for WindowsStandalone target not found
Native extension for WebGL target not found
Refreshing native plugins compatible for Editor in 0.59 ms, found 2 plugins.
Preloading 0 native plugins for Editor in 0.00 ms.
Mono: successfully reloaded assembly
- Completed reload, in  0.764 seconds
Platform modules already initialized, skipping
Refreshing native plugins compatible for Editor in 0.60 ms, found 2 plugins.
Preloading 0 native plugins for Editor in 0.00 ms.
Unloading 2077 Unused Serialized files (Serialized files now loaded: 0)
System memory in use before: 165.2 MB.
System memory in use after: 165.3 MB.

Unloading 50 unused Assets to reduce memory usage. Loaded Objects now: 2586.
Total: 4.773900 ms (FindLiveObjects: 0.139800 ms CreateObjectMapping: 0.051700 ms MarkObjects: 4.561100 ms  DeleteObjects: 0.020500 ms)

AssetImportParameters requested are different than current active one (requested -> active):
  custom:framework-win-MediaFoundation: 216162199b28c13a410421893ffa2e32 -> 
  custom:video-decoder-ogg-theora: a1e56fd34408186e4bbccfd4996cb3dc -> 
  custom:container-muxer-webm: aa71ff27fc2769a1b78a27578f13a17b -> 
  custom:container-demuxer-webm: 4f35f7cbe854078d1ac9338744f61a02 -> 
  custom:container-demuxer-ogg: 62fdf1f143b41e24485cea50d1cbac27 -> 
  custom:video-encoder-webm-vp8: eb34c28f22e8b96e1ab97ce403110664 -> 
  custom:video-decoder-webm-vp8: 9c59270c3fd7afecdb556c50c9e8de78 -> 
  custom:audio-decoder-ogg-vorbis: bf7c407c2cedff20999df2af8eb42d56 -> 
  custom:audio-encoder-webm-vorbis: bf7c407c2cedff20999df2af8eb42d56 -> 
========================================================================
Received Prepare
Registering precompiled user dll's ...
Registered in 0.003908 seconds.
Begin MonoManager ReloadAssembly
Native extension for WindowsStandalone target not found
Native extension for WebGL target not found
Refreshing native plugins compatible for Editor in 0.60 ms, found 2 plugins.
Preloading 0 native plugins for Editor in 0.00 ms.
Mono: successfully reloaded assembly
- Completed reload, in  0.778 seconds
Platform modules already initialized, skipping
Refreshing native plugins compatible for Editor in 0.61 ms, found 2 plugins.
Preloading 0 native plugins for Editor in 0.00 ms.
Unloading 2077 Unused Serialized files (Serialized files now loaded: 0)
System memory in use before: 165.2 MB.
System memory in use after: 165.3 MB.

Unloading 50 unused Assets to reduce memory usage. Loaded Objects now: 2589.
Total: 4.540600 ms (FindLiveObjects: 0.144700 ms CreateObjectMapping: 0.056700 ms MarkObjects: 4.319900 ms  DeleteObjects: 0.018500 ms)

AssetImportParameters requested are different than current active one (requested -> active):
  custom:framework-win-MediaFoundation: 216162199b28c13a410421893ffa2e32 -> 
  custom:video-decoder-ogg-theora: a1e56fd34408186e4bbccfd4996cb3dc -> 
  custom:container-muxer-webm: aa71ff27fc2769a1b78a27578f13a17b -> 
  custom:container-demuxer-webm: 4f35f7cbe854078d1ac9338744f61a02 -> 
  custom:container-demuxer-ogg: 62fdf1f143b41e24485cea50d1cbac27 -> 
  custom:video-encoder-webm-vp8: eb34c28f22e8b96e1ab97ce403110664 -> 
  custom:video-decoder-webm-vp8: 9c59270c3fd7afecdb556c50c9e8de78 -> 
  custom:audio-decoder-ogg-vorbis: bf7c407c2cedff20999df2af8eb42d56 -> 
  custom:audio-encoder-webm-vorbis: bf7c407c2cedff20999df2af8eb42d56 -> 
========================================================================
Received Import Request.
  Time since last request: 363.588451 seconds.
  path: Assets/02.Scripts/Enemy/EnemyFire.cs
  artifactKey: Guid(19a212754b1bdc147b3ed6d63a7f64c0) Importer(815301076,1909f56bfc062723c751e8b465ee728b)
Start importing Assets/02.Scripts/Enemy/EnemyFire.cs using Guid(19a212754b1bdc147b3ed6d63a7f64c0) Importer(815301076,1909f56bfc062723c751e8b465ee728b)  -> (artifact id: '1ee67f3a2373ee7c91c95d29ecfe0451') in 0.003945 seconds 
  Import took 0.006426 seconds .

========================================================================
Received Prepare
Registering precompiled user dll's ...
Registered in 0.003710 seconds.
Begin MonoManager ReloadAssembly
Native extension for WindowsStandalone target not found
Native extension for WebGL target not found
Refreshing native plugins compatible for Editor in 0.64 ms, found 2 plugins.
Preloading 0 native plugins for Editor in 0.00 ms.
Mono: successfully reloaded assembly
- Completed reload, in  0.761 seconds
Platform modules already initialized, skipping
Refreshing native plugins compatible for Editor in 0.60 ms, found 2 plugins.
Preloading 0 native plugins for Editor in 0.00 ms.
Unloading 2077 Unused Serialized files (Serialized files now loaded: 0)
System memory in use before: 165.2 MB.
System memory in use after: 165.3 MB.

Unloading 50 unused Assets to reduce memory usage. Loaded Objects now: 2592.
Total: 4.601900 ms (FindLiveObjects: 0.143100 ms CreateObjectMapping: 0.056800 ms MarkObjects: 4.382200 ms  DeleteObjects: 0.019000 ms)

AssetImportParameters requested are different than current active one (requested -> active):
  custom:framework-win-MediaFoundation: 216162199b28c13a410421893ffa2e32 -> 
  custom:video-decoder-ogg-theora: a1e56fd34408186e4bbccfd4996cb3dc -> 
  custom:container-muxer-webm: aa71ff27fc2769a1b78a27578f13a17b -> 
  custom:container-demuxer-webm: 4f35f7cbe854078d1ac9338744f61a02 -> 
  custom:container-demuxer-ogg: 62fdf1f143b41e24485cea50d1cbac27 -> 
  custom:video-encoder-webm-vp8: eb34c28f22e8b96e1ab97ce403110664 -> 
  custom:video-decoder-webm-vp8: 9c59270c3fd7afecdb556c50c9e8de78 -> 
  custom:audio-decoder-ogg-vorbis: bf7c407c2cedff20999df2af8eb42d56 -> 
  custom:audio-encoder-webm-vorbis: bf7c407c2cedff20999df2af8eb42d56 -> 
========================================================================
Received Import Request.
  Time since last request: 462.972657 seconds.
  path: Assets/04.Images/MuzzleFlash.png
  artifactKey: Guid(92f6e3ee15629cf4294cb79a5f92d3c8) Importer(815301076,1909f56bfc062723c751e8b465ee728b)
Start importing Assets/04.Images/MuzzleFlash.png using Guid(92f6e3ee15629cf4294cb79a5f92d3c8) Importer(815301076,1909f56bfc062723c751e8b465ee728b)  -> (artifact id: 'cfc84fd1d83d442c241c5a708de1f846') in 0.057044 seconds 
  Import took 0.060078 seconds .

========================================================================
Received Prepare
Registering precompiled user dll's ...
Registered in 0.003686 seconds.
Begin MonoManager ReloadAssembly
Native extension for WindowsStandalone target not found
Native extension for WebGL target not found
Refreshing native plugins compatible for Editor in 0.62 ms, found 2 plugins.
Preloading 0 native plugins for Editor in 0.00 ms.
Mono: successfully reloaded assembly
- Completed reload, in  0.797 seconds
Platform modules already initialized, skipping
Refreshing native plugins compatible for Editor in 0.60 ms, found 2 plugins.
Preloading 0 native plugins for Editor in 0.00 ms.
Unloading 2077 Unused Serialized files (Serialized files now loaded: 0)
System memory in use before: 165.2 MB.
System memory in use after: 165.3 MB.

Unloading 50 unused Assets to reduce memory usage. Loaded Objects now: 2595.
Total: 4.639800 ms (FindLiveObjects: 0.141500 ms CreateObjectMapping: 0.053400 ms MarkObjects: 4.421700 ms  DeleteObjects: 0.022500 ms)

AssetImportParameters requested are different than current active one (requested -> active):
  custom:framework-win-MediaFoundation: 216162199b28c13a410421893ffa2e32 -> 
  custom:video-decoder-ogg-theora: a1e56fd34408186e4bbccfd4996cb3dc -> 
  custom:container-muxer-webm: aa71ff27fc2769a1b78a27578f13a17b -> 
  custom:container-demuxer-webm: 4f35f7cbe854078d1ac9338744f61a02 -> 
  custom:container-demuxer-ogg: 62fdf1f143b41e24485cea50d1cbac27 -> 
  custom:video-encoder-webm-vp8: eb34c28f22e8b96e1ab97ce403110664 -> 
  custom:video-decoder-webm-vp8: 9c59270c3fd7afecdb556c50c9e8de78 -> 
  custom:audio-decoder-ogg-vorbis: bf7c407c2cedff20999df2af8eb42d56 -> 
  custom:audio-encoder-webm-vorbis: bf7c407c2cedff20999df2af8eb42d56 -> 
========================================================================
Received Import Request.
  Time since last request: 536.545902 seconds.
  path: Assets/02.Scripts/Enemy/EnemyFire.cs
  artifactKey: Guid(19a212754b1bdc147b3ed6d63a7f64c0) Importer(815301076,1909f56bfc062723c751e8b465ee728b)
Start importing Assets/02.Scripts/Enemy/EnemyFire.cs using Guid(19a212754b1bdc147b3ed6d63a7f64c0) Importer(815301076,1909f56bfc062723c751e8b465ee728b)  -> (artifact id: 'b91208e3ad28aba9e0a6e420fa73e917') in 0.003962 seconds 
  Import took 0.006437 seconds .

========================================================================
Received Import Request.
  Time since last request: 106.982594 seconds.
  path: Assets/02.Scripts/Enemy/EnemyAI.cs
  artifactKey: Guid(e3b3d479a70591545b5cadf4af7747e4) Importer(815301076,1909f56bfc062723c751e8b465ee728b)
Start importing Assets/02.Scripts/Enemy/EnemyAI.cs using Guid(e3b3d479a70591545b5cadf4af7747e4) Importer(815301076,1909f56bfc062723c751e8b465ee728b)  -> (artifact id: '4419eb3ac8da4ffe912b05b7f1fce0fd') in 0.001739 seconds 
  Import took 0.004495 seconds .

========================================================================
Received Import Request.
  Time since last request: 0.002164 seconds.
  path: Assets/02.Scripts/Enemy/EnemyAI.cs
  artifactKey: Guid(e3b3d479a70591545b5cadf4af7747e4) Importer(815301076,1909f56bfc062723c751e8b465ee728b)
Start importing Assets/02.Scripts/Enemy/EnemyAI.cs using Guid(e3b3d479a70591545b5cadf4af7747e4) Importer(815301076,1909f56bfc062723c751e8b465ee728b)  -> (artifact id: '4419eb3ac8da4ffe912b05b7f1fce0fd') in 0.001529 seconds 
  Import took 0.004104 seconds .

========================================================================
Received Prepare
Registering precompiled user dll's ...
Registered in 0.003867 seconds.
Begin MonoManager ReloadAssembly
Native extension for WindowsStandalone target not found
Native extension for WebGL target not found
Refreshing native plugins compatible for Editor in 0.59 ms, found 2 plugins.
Preloading 0 native plugins for Editor in 0.00 ms.
Mono: successfully reloaded assembly
- Completed reload, in  0.794 seconds
Platform modules already initialized, skipping
Refreshing native plugins compatible for Editor in 0.60 ms, found 2 plugins.
Preloading 0 native plugins for Editor in 0.00 ms.
Unloading 2077 Unused Serialized files (Serialized files now loaded: 0)
System memory in use before: 165.2 MB.
System memory in use after: 165.3 MB.

Unloading 50 unused Assets to reduce memory usage. Loaded Objects now: 2598.
Total: 4.495400 ms (FindLiveObjects: 0.150900 ms CreateObjectMapping: 0.059200 ms MarkObjects: 4.264900 ms  DeleteObjects: 0.019200 ms)

AssetImportParameters requested are different than current active one (requested -> active):
  custom:framework-win-MediaFoundation: 216162199b28c13a410421893ffa2e32 -> 
  custom:video-decoder-ogg-theora: a1e56fd34408186e4bbccfd4996cb3dc -> 
  custom:container-muxer-webm: aa71ff27fc2769a1b78a27578f13a17b -> 
  custom:container-demuxer-webm: 4f35f7cbe854078d1ac9338744f61a02 -> 
  custom:container-demuxer-ogg: 62fdf1f143b41e24485cea50d1cbac27 -> 
  custom:video-encoder-webm-vp8: eb34c28f22e8b96e1ab97ce403110664 -> 
  custom:video-decoder-webm-vp8: 9c59270c3fd7afecdb556c50c9e8de78 -> 
  custom:audio-decoder-ogg-vorbis: bf7c407c2cedff20999df2af8eb42d56 -> 
  custom:audio-encoder-webm-vorbis: bf7c407c2cedff20999df2af8eb42d56 -> 
========================================================================
Received Import Request.
  Time since last request: 76.942213 seconds.
  path: Assets/02.Scripts/Enemy/EnemyFire.cs
  artifactKey: Guid(19a212754b1bdc147b3ed6d63a7f64c0) Importer(815301076,1909f56bfc062723c751e8b465ee728b)
Start importing Assets/02.Scripts/Enemy/EnemyFire.cs using Guid(19a212754b1bdc147b3ed6d63a7f64c0) Importer(815301076,1909f56bfc062723c751e8b465ee728b)  -> (artifact id: 'e8d5b0b4fcc9e646b19c1fd419650e64') in 0.003444 seconds 
  Import took 0.005944 seconds .

========================================================================
Received Import Request.
  Time since last request: 1.085174 seconds.
  path: Assets/02.Scripts/Enemy/EnemyFire.cs
  artifactKey: Guid(19a212754b1bdc147b3ed6d63a7f64c0) Importer(815301076,1909f56bfc062723c751e8b465ee728b)
Start importing Assets/02.Scripts/Enemy/EnemyFire.cs using Guid(19a212754b1bdc147b3ed6d63a7f64c0) Importer(815301076,1909f56bfc062723c751e8b465ee728b)  -> (artifact id: 'e8d5b0b4fcc9e646b19c1fd419650e64') in 0.001840 seconds 
  Import took 0.004495 seconds .

========================================================================
Received Prepare
Registering precompiled user dll's ...
Registered in 0.003830 seconds.
Begin MonoManager ReloadAssembly
Native extension for WindowsStandalone target not found
Native extension for WebGL target not found
Refreshing native plugins compatible for Editor in 0.63 ms, found 2 plugins.
Preloading 0 native plugins for Editor in 0.00 ms.
Mono: successfully reloaded assembly
- Completed reload, in  0.775 seconds
Platform modules already initialized, skipping
Refreshing native plugins compatible for Editor in 0.61 ms, found 2 plugins.
Preloading 0 native plugins for Editor in 0.00 ms.
Unloading 2077 Unused Serialized files (Serialized files now loaded: 0)
System memory in use before: 165.2 MB.
System memory in use after: 165.3 MB.

Unloading 50 unused Assets to reduce memory usage. Loaded Objects now: 2601.
Total: 4.649300 ms (FindLiveObjects: 0.141400 ms CreateObjectMapping: 0.052800 ms MarkObjects: 4.436100 ms  DeleteObjects: 0.018400 ms)

AssetImportParameters requested are different than current active one (requested -> active):
  custom:framework-win-MediaFoundation: 216162199b28c13a410421893ffa2e32 -> 
  custom:video-decoder-ogg-theora: a1e56fd34408186e4bbccfd4996cb3dc -> 
  custom:container-muxer-webm: aa71ff27fc2769a1b78a27578f13a17b -> 
  custom:container-demuxer-webm: 4f35f7cbe854078d1ac9338744f61a02 -> 
  custom:container-demuxer-ogg: 62fdf1f143b41e24485cea50d1cbac27 -> 
  custom:video-encoder-webm-vp8: eb34c28f22e8b96e1ab97ce403110664 -> 
  custom:video-decoder-webm-vp8: 9c59270c3fd7afecdb556c50c9e8de78 -> 
  custom:audio-decoder-ogg-vorbis: bf7c407c2cedff20999df2af8eb42d56 -> 
  custom:audio-encoder-webm-vorbis: bf7c407c2cedff20999df2af8eb42d56 -> 
========================================================================
Received Import Request.
  Time since last request: 180.892052 seconds.
  path: Assets/03.Prefabs/EffectExamples/WeaponEffects/Prefabs/BulletImpactFleshBigEffect.prefab
  artifactKey: Guid(e5a3d6da48298a0458c1990f58c27069) Importer(815301076,1909f56bfc062723c751e8b465ee728b)
Start importing Assets/03.Prefabs/EffectExamples/WeaponEffects/Prefabs/BulletImpactFleshBigEffect.prefab using Guid(e5a3d6da48298a0458c1990f58c27069) Importer(815301076,1909f56bfc062723c751e8b465ee728b)  -> (artifact id: '242284c34809cf804f124743189676d6') in 0.298332 seconds 
  Import took 0.302044 seconds .

========================================================================
Received Import Request.
  Time since last request: 2.917032 seconds.
  path: Assets/03.Prefabs/EffectExamples/WeaponEffects/Prefabs/BulletImpactWaterContainerEffect.prefab
  artifactKey: Guid(a60a75fdadab5de428529a5b8ef0426a) Importer(815301076,1909f56bfc062723c751e8b465ee728b)
Start importing Assets/03.Prefabs/EffectExamples/WeaponEffects/Prefabs/BulletImpactWaterContainerEffect.prefab using Guid(a60a75fdadab5de428529a5b8ef0426a) Importer(815301076,1909f56bfc062723c751e8b465ee728b)  -> (artifact id: 'f29580dffa46ee2870f71add5734b7d1') in 0.006877 seconds 
  Import took 0.009723 seconds .

========================================================================
Received Import Request.
  Time since last request: 1.086926 seconds.
  path: Assets/03.Prefabs/EffectExamples/WeaponEffects/Prefabs/BulletImpactFleshSmallEffect.prefab
  artifactKey: Guid(83e55d3418297934fab882559d009285) Importer(815301076,1909f56bfc062723c751e8b465ee728b)
Start importing Assets/03.Prefabs/EffectExamples/WeaponEffects/Prefabs/BulletImpactFleshSmallEffect.prefab using Guid(83e55d3418297934fab882559d009285) Importer(815301076,1909f56bfc062723c751e8b465ee728b)  -> (artifact id: 'f7c52dfe66b76a2229f294d74257401d') in 0.013426 seconds 
  Import took 0.016739 seconds .

========================================================================
Received Import Request.
  Time since last request: 0.000244 seconds.
  path: Assets/03.Prefabs/EffectExamples/WeaponEffects/Textures/BloodSplat2.mat
  artifactKey: Guid(fb0f4297b291a034bb4f9a9eada50640) Importer(815301076,1909f56bfc062723c751e8b465ee728b)
Start importing Assets/03.Prefabs/EffectExamples/WeaponEffects/Textures/BloodSplat2.mat using Guid(fb0f4297b291a034bb4f9a9eada50640) Importer(815301076,1909f56bfc062723c751e8b465ee728b)  -> (artifact id: '2e442ce7d0f3b167bcef369698bd583d') in 0.020924 seconds 
  Import took 0.024399 seconds .

========================================================================
Received Import Request.
  Time since last request: 1.748462 seconds.
  path: Assets/03.Prefabs/EffectExamples/WeaponEffects/Prefabs/BulletImpactWaterContainerExtinguisherEffect.prefab
  artifactKey: Guid(8c0568c457f38824d8649f26f2363927) Importer(815301076,1909f56bfc062723c751e8b465ee728b)
Start importing Assets/03.Prefabs/EffectExamples/WeaponEffects/Prefabs/BulletImpactWaterContainerExtinguisherEffect.prefab using Guid(8c0568c457f38824d8649f26f2363927) Importer(815301076,1909f56bfc062723c751e8b465ee728b)  -> (artifact id: 'a55b9fe2c878df10551b624f346f4fa0') in 0.014835 seconds 
  Import took 0.018057 seconds .

========================================================================
Received Import Request.
  Time since last request: 0.002315 seconds.
  path: Assets/03.Prefabs/EffectExamples/WeaponEffects/Prefabs/BulletImpactWaterContainerExtinguisherEffect.prefab
  artifactKey: Guid(8c0568c457f38824d8649f26f2363927) Importer(815301076,1909f56bfc062723c751e8b465ee728b)
Start importing Assets/03.Prefabs/EffectExamples/WeaponEffects/Prefabs/BulletImpactWaterContainerExtinguisherEffect.prefab using Guid(8c0568c457f38824d8649f26f2363927) Importer(815301076,1909f56bfc062723c751e8b465ee728b)  -> (artifact id: 'a55b9fe2c878df10551b624f346f4fa0') in 0.003069 seconds 
  Import took 0.005949 seconds .

========================================================================
Received Import Request.
  Time since last request: 1.479523 seconds.
  path: Assets/03.Prefabs/EffectExamples/WeaponEffects/Prefabs/BulletImpactSandEffect.prefab
  artifactKey: Guid(a475880e7da0e9548aa05cb7933752cd) Importer(815301076,1909f56bfc062723c751e8b465ee728b)
Start importing Assets/03.Prefabs/EffectExamples/WeaponEffects/Prefabs/BulletImpactSandEffect.prefab using Guid(a475880e7da0e9548aa05cb7933752cd) Importer(815301076,1909f56bfc062723c751e8b465ee728b)  -> (artifact id: '30fba1446e00bf559ce01ee7901e048e') in 0.005997 seconds 
  Import took 0.009012 seconds .

========================================================================
Received Prepare
Registering precompiled user dll's ...
Registered in 0.003849 seconds.
Begin MonoManager ReloadAssembly
Native extension for WindowsStandalone target not found
Native extension for WebGL target not found
Refreshing native plugins compatible for Editor in 0.59 ms, found 2 plugins.
Preloading 0 native plugins for Editor in 0.00 ms.
Mono: successfully reloaded assembly
- Completed reload, in  0.763 seconds
Platform modules already initialized, skipping
Refreshing native plugins compatible for Editor in 0.58 ms, found 2 plugins.
Preloading 0 native plugins for Editor in 0.00 ms.
Unloading 2077 Unused Serialized files (Serialized files now loaded: 0)
System memory in use before: 165.5 MB.
System memory in use after: 165.6 MB.

Unloading 50 unused Assets to reduce memory usage. Loaded Objects now: 2638.
Total: 4.338400 ms (FindLiveObjects: 0.158400 ms CreateObjectMapping: 0.058000 ms MarkObjects: 4.102500 ms  DeleteObjects: 0.018600 ms)

AssetImportParameters requested are different than current active one (requested -> active):
  custom:framework-win-MediaFoundation: 216162199b28c13a410421893ffa2e32 -> 
  custom:video-decoder-ogg-theora: a1e56fd34408186e4bbccfd4996cb3dc -> 
  custom:container-muxer-webm: aa71ff27fc2769a1b78a27578f13a17b -> 
  custom:container-demuxer-webm: 4f35f7cbe854078d1ac9338744f61a02 -> 
  custom:container-demuxer-ogg: 62fdf1f143b41e24485cea50d1cbac27 -> 
  custom:video-encoder-webm-vp8: eb34c28f22e8b96e1ab97ce403110664 -> 
  custom:video-decoder-webm-vp8: 9c59270c3fd7afecdb556c50c9e8de78 -> 
  custom:audio-decoder-ogg-vorbis: bf7c407c2cedff20999df2af8eb42d56 -> 
  custom:audio-encoder-webm-vorbis: bf7c407c2cedff20999df2af8eb42d56 -> 
========================================================================
Received Import Request.
  Time since last request: 66.414800 seconds.
  path: Assets/02.Scripts/Enemy/EnemyDamage.cs
  artifactKey: Guid(79ffaf3c6d2af1b4e925e2d66a6133e5) Importer(815301076,1909f56bfc062723c751e8b465ee728b)
Start importing Assets/02.Scripts/Enemy/EnemyDamage.cs using Guid(79ffaf3c6d2af1b4e925e2d66a6133e5) Importer(815301076,1909f56bfc062723c751e8b465ee728b)  -> (artifact id: 'a058478e7f4b3083485d72caa3dad634') in 0.007726 seconds 
  Import took 0.010682 seconds .

========================================================================
Received Prepare
Registering precompiled user dll's ...
Registered in 0.003888 seconds.
Begin MonoManager ReloadAssembly
Native extension for WindowsStandalone target not found
Native extension for WebGL target not found
Refreshing native plugins compatible for Editor in 0.60 ms, found 2 plugins.
Preloading 0 native plugins for Editor in 0.00 ms.
Mono: successfully reloaded assembly
- Completed reload, in  0.778 seconds
Platform modules already initialized, skipping
Refreshing native plugins compatible for Editor in 0.63 ms, found 2 plugins.
Preloading 0 native plugins for Editor in 0.00 ms.
Unloading 2078 Unused Serialized files (Serialized files now loaded: 0)
System memory in use before: 165.5 MB.
System memory in use after: 165.6 MB.

Unloading 50 unused Assets to reduce memory usage. Loaded Objects now: 2642.
Total: 4.745300 ms (FindLiveObjects: 0.191200 ms CreateObjectMapping: 0.075100 ms MarkObjects: 4.459000 ms  DeleteObjects: 0.019400 ms)

AssetImportParameters requested are different than current active one (requested -> active):
  custom:framework-win-MediaFoundation: 216162199b28c13a410421893ffa2e32 -> 
  custom:video-decoder-ogg-theora: a1e56fd34408186e4bbccfd4996cb3dc -> 
  custom:container-muxer-webm: aa71ff27fc2769a1b78a27578f13a17b -> 
  custom:container-demuxer-webm: 4f35f7cbe854078d1ac9338744f61a02 -> 
  custom:container-demuxer-ogg: 62fdf1f143b41e24485cea50d1cbac27 -> 
  custom:video-encoder-webm-vp8: eb34c28f22e8b96e1ab97ce403110664 -> 
  custom:video-decoder-webm-vp8: 9c59270c3fd7afecdb556c50c9e8de78 -> 
  custom:audio-decoder-ogg-vorbis: bf7c407c2cedff20999df2af8eb42d56 -> 
  custom:audio-encoder-webm-vorbis: bf7c407c2cedff20999df2af8eb42d56 -> 
========================================================================
Received Import Request.
  Time since last request: 413.160491 seconds.
  path: Assets/02.Scripts/Enemy/EnemyDamage.cs
  artifactKey: Guid(79ffaf3c6d2af1b4e925e2d66a6133e5) Importer(815301076,1909f56bfc062723c751e8b465ee728b)
Start importing Assets/02.Scripts/Enemy/EnemyDamage.cs using Guid(79ffaf3c6d2af1b4e925e2d66a6133e5) Importer(815301076,1909f56bfc062723c751e8b465ee728b)  -> (artifact id: 'c81cd1791693c7155b199ba057461d49') in 0.004722 seconds 
  Import took 0.008052 seconds .

========================================================================
Received Import Request.
  Time since last request: 31.722360 seconds.
  path: Assets/02.Scripts/Enemy/EnemyAD.asmdef
  artifactKey: Guid(6dbc16783abf7844c88e2403e62c178f) Importer(815301076,1909f56bfc062723c751e8b465ee728b)
Start importing Assets/02.Scripts/Enemy/EnemyAD.asmdef using Guid(6dbc16783abf7844c88e2403e62c178f) Importer(815301076,1909f56bfc062723c751e8b465ee728b)  -> (artifact id: '970eddaf87dea3f26b2061ccb3e83150') in 0.013356 seconds 
  Import took 0.016093 seconds .

========================================================================
Received Prepare
Registering precompiled user dll's ...
Registered in 0.003688 seconds.
Begin MonoManager ReloadAssembly
Native extension for WindowsStandalone target not found
Native extension for WebGL target not found
Refreshing native plugins compatible for Editor in 0.61 ms, found 2 plugins.
Preloading 0 native plugins for Editor in 0.00 ms.
Mono: successfully reloaded assembly
- Completed reload, in  0.769 seconds
Platform modules already initialized, skipping
Refreshing native plugins compatible for Editor in 0.59 ms, found 2 plugins.
Preloading 0 native plugins for Editor in 0.00 ms.
Unloading 2078 Unused Serialized files (Serialized files now loaded: 0)
System memory in use before: 165.5 MB.
System memory in use after: 165.6 MB.

Unloading 50 unused Assets to reduce memory usage. Loaded Objects now: 2645.
Total: 4.347300 ms (FindLiveObjects: 0.150700 ms CreateObjectMapping: 0.057400 ms MarkObjects: 4.120300 ms  DeleteObjects: 0.017900 ms)

AssetImportParameters requested are different than current active one (requested -> active):
  custom:framework-win-MediaFoundation: 216162199b28c13a410421893ffa2e32 -> 
  custom:video-decoder-ogg-theora: a1e56fd34408186e4bbccfd4996cb3dc -> 
  custom:container-muxer-webm: aa71ff27fc2769a1b78a27578f13a17b -> 
  custom:container-demuxer-webm: 4f35f7cbe854078d1ac9338744f61a02 -> 
  custom:container-demuxer-ogg: 62fdf1f143b41e24485cea50d1cbac27 -> 
  custom:video-encoder-webm-vp8: eb34c28f22e8b96e1ab97ce403110664 -> 
  custom:video-decoder-webm-vp8: 9c59270c3fd7afecdb556c50c9e8de78 -> 
  custom:audio-decoder-ogg-vorbis: bf7c407c2cedff20999df2af8eb42d56 -> 
  custom:audio-encoder-webm-vorbis: bf7c407c2cedff20999df2af8eb42d56 -> 
========================================================================
Received Prepare
Registering precompiled user dll's ...
Registered in 0.003965 seconds.
Begin MonoManager ReloadAssembly
Native extension for WindowsStandalone target not found
Native extension for WebGL target not found
Refreshing native plugins compatible for Editor in 0.59 ms, found 2 plugins.
Preloading 0 native plugins for Editor in 0.00 ms.
Mono: successfully reloaded assembly
- Completed reload, in  0.779 seconds
Platform modules already initialized, skipping
Refreshing native plugins compatible for Editor in 0.61 ms, found 2 plugins.
Preloading 0 native plugins for Editor in 0.00 ms.
Unloading 2078 Unused Serialized files (Serialized files now loaded: 0)
System memory in use before: 165.5 MB.
System memory in use after: 165.6 MB.

Unloading 50 unused Assets to reduce memory usage. Loaded Objects now: 2648.
Total: 4.697200 ms (FindLiveObjects: 0.150900 ms CreateObjectMapping: 0.055400 ms MarkObjects: 4.469800 ms  DeleteObjects: 0.020100 ms)

AssetImportParameters requested are different than current active one (requested -> active):
  custom:framework-win-MediaFoundation: 216162199b28c13a410421893ffa2e32 -> 
  custom:video-decoder-ogg-theora: a1e56fd34408186e4bbccfd4996cb3dc -> 
  custom:container-muxer-webm: aa71ff27fc2769a1b78a27578f13a17b -> 
  custom:container-demuxer-webm: 4f35f7cbe854078d1ac9338744f61a02 -> 
  custom:container-demuxer-ogg: 62fdf1f143b41e24485cea50d1cbac27 -> 
  custom:video-encoder-webm-vp8: eb34c28f22e8b96e1ab97ce403110664 -> 
  custom:video-decoder-webm-vp8: 9c59270c3fd7afecdb556c50c9e8de78 -> 
  custom:audio-decoder-ogg-vorbis: bf7c407c2cedff20999df2af8eb42d56 -> 
  custom:audio-encoder-webm-vorbis: bf7c407c2cedff20999df2af8eb42d56 -> 
========================================================================
Received Import Request.
  Time since last request: 480.649035 seconds.
  path: Assets/07.Animations/Controllers/EnemyAnim.controller
  artifactKey: Guid(1f24c1335c22de14da79b21b28902a71) Importer(815301076,1909f56bfc062723c751e8b465ee728b)
Start importing Assets/07.Animations/Controllers/EnemyAnim.controller using Guid(1f24c1335c22de14da79b21b28902a71) Importer(815301076,1909f56bfc062723c751e8b465ee728b)  -> (artifact id: '24f9174e6023aa271a1f7fdd67e78707') in 0.029908 seconds 
  Import took 0.033411 seconds .

========================================================================
Received Import Request.
  Time since last request: 41.809559 seconds.
  path: Assets/07.Animations/Die Animations/Enemy@Death From Right.fbx
  artifactKey: Guid(84c603902b19b432f9e77023aefee7bc) Importer(815301076,1909f56bfc062723c751e8b465ee728b)
Start importing Assets/07.Animations/Die Animations/Enemy@Death From Right.fbx using Guid(84c603902b19b432f9e77023aefee7bc) Importer(815301076,1909f56bfc062723c751e8b465ee728b)  -> (artifact id: 'ed880d1e7c4e210da5ec00b26349d7e8') in 0.014310 seconds 
  Import took 0.017147 seconds .

========================================================================
Received Import Request.
  Time since last request: 0.008564 seconds.
  path: Assets/07.Animations/Die Animations/Enemy@Death From Right.fbx
  artifactKey: Guid(84c603902b19b432f9e77023aefee7bc) Importer(815301076,1909f56bfc062723c751e8b465ee728b)
Start importing Assets/07.Animations/Die Animations/Enemy@Death From Right.fbx using Guid(84c603902b19b432f9e77023aefee7bc) Importer(815301076,1909f56bfc062723c751e8b465ee728b)  -> (artifact id: 'ed880d1e7c4e210da5ec00b26349d7e8') in 0.003621 seconds 
  Import took 0.006410 seconds .

========================================================================
Received Prepare
Registering precompiled user dll's ...
Registered in 0.003730 seconds.
Begin MonoManager ReloadAssembly
Native extension for WindowsStandalone target not found
Native extension for WebGL target not found
Refreshing native plugins compatible for Editor in 0.62 ms, found 2 plugins.
Preloading 0 native plugins for Editor in 0.00 ms.
Mono: successfully reloaded assembly
- Completed reload, in  0.781 seconds
Platform modules already initialized, skipping
Refreshing native plugins compatible for Editor in 0.60 ms, found 2 plugins.
Preloading 0 native plugins for Editor in 0.00 ms.
Unloading 2078 Unused Serialized files (Serialized files now loaded: 0)
System memory in use before: 165.5 MB.
System memory in use after: 165.6 MB.

Unloading 50 unused Assets to reduce memory usage. Loaded Objects now: 2651.
Total: 4.658400 ms (FindLiveObjects: 0.152500 ms CreateObjectMapping: 0.057800 ms MarkObjects: 4.428200 ms  DeleteObjects: 0.019200 ms)

AssetImportParameters requested are different than current active one (requested -> active):
  custom:framework-win-MediaFoundation: 216162199b28c13a410421893ffa2e32 -> 
  custom:video-decoder-ogg-theora: a1e56fd34408186e4bbccfd4996cb3dc -> 
  custom:container-muxer-webm: aa71ff27fc2769a1b78a27578f13a17b -> 
  custom:container-demuxer-webm: 4f35f7cbe854078d1ac9338744f61a02 -> 
  custom:container-demuxer-ogg: 62fdf1f143b41e24485cea50d1cbac27 -> 
  custom:video-encoder-webm-vp8: eb34c28f22e8b96e1ab97ce403110664 -> 
  custom:video-decoder-webm-vp8: 9c59270c3fd7afecdb556c50c9e8de78 -> 
  custom:audio-decoder-ogg-vorbis: bf7c407c2cedff20999df2af8eb42d56 -> 
  custom:audio-encoder-webm-vorbis: bf7c407c2cedff20999df2af8eb42d56 -> 
========================================================================
Received Import Request.
  Time since last request: 543.080969 seconds.
  path: Assets/02.Scripts/Enemy/EnemyAI.cs
  artifactKey: Guid(e3b3d479a70591545b5cadf4af7747e4) Importer(815301076,1909f56bfc062723c751e8b465ee728b)
Start importing Assets/02.Scripts/Enemy/EnemyAI.cs using Guid(e3b3d479a70591545b5cadf4af7747e4) Importer(815301076,1909f56bfc062723c751e8b465ee728b)  -> (artifact id: '8eb7f66f3db748ec90921f363b56690f') in 0.003575 seconds 
  Import took 0.006097 seconds .

========================================================================
Received Prepare
Registering precompiled user dll's ...
Registered in 0.003774 seconds.
Begin MonoManager ReloadAssembly
Native extension for WindowsStandalone target not found
Native extension for WebGL target not found
Refreshing native plugins compatible for Editor in 0.59 ms, found 2 plugins.
Preloading 0 native plugins for Editor in 0.00 ms.
Mono: successfully reloaded assembly
- Completed reload, in  0.768 seconds
Platform modules already initialized, skipping
Refreshing native plugins compatible for Editor in 0.60 ms, found 2 plugins.
Preloading 0 native plugins for Editor in 0.00 ms.
Unloading 2078 Unused Serialized files (Serialized files now loaded: 0)
System memory in use before: 165.5 MB.
System memory in use after: 165.6 MB.

Unloading 50 unused Assets to reduce memory usage. Loaded Objects now: 2654.
Total: 4.832700 ms (FindLiveObjects: 0.190600 ms CreateObjectMapping: 0.078600 ms MarkObjects: 4.537100 ms  DeleteObjects: 0.025500 ms)

AssetImportParameters requested are different than current active one (requested -> active):
  custom:framework-win-MediaFoundation: 216162199b28c13a410421893ffa2e32 -> 
  custom:video-decoder-ogg-theora: a1e56fd34408186e4bbccfd4996cb3dc -> 
  custom:container-muxer-webm: aa71ff27fc2769a1b78a27578f13a17b -> 
  custom:container-demuxer-webm: 4f35f7cbe854078d1ac9338744f61a02 -> 
  custom:container-demuxer-ogg: 62fdf1f143b41e24485cea50d1cbac27 -> 
  custom:video-encoder-webm-vp8: eb34c28f22e8b96e1ab97ce403110664 -> 
  custom:video-decoder-webm-vp8: 9c59270c3fd7afecdb556c50c9e8de78 -> 
  custom:audio-decoder-ogg-vorbis: bf7c407c2cedff20999df2af8eb42d56 -> 
  custom:audio-encoder-webm-vorbis: bf7c407c2cedff20999df2af8eb42d56 -> 
AssetImportWorkerClient::OnTransportError - code=2 error=End of file
